<?xml version="1.0" encoding="UTF-8"?>
<Site BuildName="Linux-g++"
	BuildStamp="20240608-0918-Experimental"
	Name="DESKTOP-H88C249"
	Generator="ctest-3.22.1"
	CompilerName="/usr/bin/g++"
	CompilerVersion="11.4.0"
	OSName="Linux"
	Hostname="DESKTOP-H88C249"
	OSRelease="5.15.133.1-microsoft-standard-WSL2"
	OSVersion="#1 SMP Thu Oct 5 21:02:42 UTC 2023"
	OSPlatform="x86_64"
	Is64Bits="1"
	VendorString="GenuineIntel"
	VendorID="Intel Corporation"
	FamilyID="6"
	ModelID="141"
	ProcessorCacheSize="12288"
	NumberOfLogicalCPU="12"
	NumberOfPhysicalCPU="6"
	TotalVirtualMemory="3072"
	TotalPhysicalMemory="11829"
	LogicalProcessorsPerPhysical="2"
	ProcessorClockFrequency="2611.2"
	>
	<Testing>
		<StartDateTime>Jun 09 06:15 CST</StartDateTime>
		<StartTestTime>1717884903</StartTestTime>
		<TestList/>
		<EndDateTime>Jun 09 06:15 CST</EndDateTime>
		<EndTestTime>1717884903</EndTestTime>
		<ElapsedMinutes>0</ElapsedMinutes>
	</Testing>
</Site>
