<?xml version="1.0" encoding="UTF-8"?>
<Site BuildName="Linux-g++"
	BuildStamp="20231209-1257-Experimental"
	Name="DESKTOP-H88C249"
	Generator="ctest-3.22.1"
	CompilerName="/usr/bin/g++"
	CompilerVersion="11.4.0"
	OSName="Linux"
	Hostname="DESKTOP-H88C249"
	OSRelease="5.15.133.1-microsoft-standard-WSL2"
	OSVersion="#1 SMP Thu Oct 5 21:02:42 UTC 2023"
	OSPlatform="x86_64"
	Is64Bits="1"
	VendorString="GenuineIntel"
	VendorID="Intel Corporation"
	FamilyID="6"
	ModelID="141"
	ProcessorCacheSize="12288"
	NumberOfLogicalCPU="12"
	NumberOfPhysicalCPU="6"
	TotalVirtualMemory="3072"
	TotalPhysicalMemory="11829"
	LogicalProcessorsPerPhysical="2"
	ProcessorClockFrequency="2611.2"
	>
	<Testing>
		<StartDateTime>Dec 09 21:05 CST</StartDateTime>
		<StartTestTime>1702127121</StartTestTime>
		<TestList/>
		<EndDateTime>Dec 09 21:05 CST</EndDateTime>
		<EndTestTime>1702127121</EndTestTime>
		<ElapsedMinutes>0</ElapsedMinutes>
	</Testing>
</Site>
